/home/sanket/robot_mapping_ws/install/autonomous_explorer/lib/python3.10/site-packages/autonomous_explorer/simple_web_control.py
/home/sanket/robot_mapping_ws/install/autonomous_explorer/lib/python3.10/site-packages/autonomous_explorer/teleop_control.py
/home/sanket/robot_mapping_ws/install/autonomous_explorer/lib/python3.10/site-packages/autonomous_explorer/coverage_planner.py
/home/sanket/robot_mapping_ws/install/autonomous_explorer/lib/python3.10/site-packages/autonomous_explorer/simple_map_analyzer.py
/home/sanket/robot_mapping_ws/install/autonomous_explorer/lib/python3.10/site-packages/autonomous_explorer/autonomous_explorer_node.py
/home/sanket/robot_mapping_ws/install/autonomous_explorer/lib/python3.10/site-packages/autonomous_explorer/coverage_explorer.py
/home/sanket/robot_mapping_ws/install/autonomous_explorer/lib/python3.10/site-packages/autonomous_explorer/web_control_node.py
/home/sanket/robot_mapping_ws/install/autonomous_explorer/lib/python3.10/site-packages/autonomous_explorer/frontier_explorer.py
/home/sanket/robot_mapping_ws/install/autonomous_explorer/lib/python3.10/site-packages/autonomous_explorer/__init__.py
/home/sanket/robot_mapping_ws/install/autonomous_explorer/lib/python3.10/site-packages/autonomous_explorer/goal_publisher.py
/home/sanket/robot_mapping_ws/install/autonomous_explorer/lib/python3.10/site-packages/autonomous_explorer/map_analyzer.py
/home/sanket/robot_mapping_ws/install/autonomous_explorer/lib/python3.10/site-packages/autonomous_explorer/simple_goal_follower.py
/home/sanket/robot_mapping_ws/install/autonomous_explorer/lib/python3.10/site-packages/autonomous_explorer/__pycache__/simple_web_control.cpython-310.pyc
/home/sanket/robot_mapping_ws/install/autonomous_explorer/lib/python3.10/site-packages/autonomous_explorer/__pycache__/teleop_control.cpython-310.pyc
/home/sanket/robot_mapping_ws/install/autonomous_explorer/lib/python3.10/site-packages/autonomous_explorer/__pycache__/coverage_planner.cpython-310.pyc
/home/sanket/robot_mapping_ws/install/autonomous_explorer/lib/python3.10/site-packages/autonomous_explorer/__pycache__/simple_map_analyzer.cpython-310.pyc
/home/sanket/robot_mapping_ws/install/autonomous_explorer/lib/python3.10/site-packages/autonomous_explorer/__pycache__/autonomous_explorer_node.cpython-310.pyc
/home/sanket/robot_mapping_ws/install/autonomous_explorer/lib/python3.10/site-packages/autonomous_explorer/__pycache__/coverage_explorer.cpython-310.pyc
/home/sanket/robot_mapping_ws/install/autonomous_explorer/lib/python3.10/site-packages/autonomous_explorer/__pycache__/web_control_node.cpython-310.pyc
/home/sanket/robot_mapping_ws/install/autonomous_explorer/lib/python3.10/site-packages/autonomous_explorer/__pycache__/frontier_explorer.cpython-310.pyc
/home/sanket/robot_mapping_ws/install/autonomous_explorer/lib/python3.10/site-packages/autonomous_explorer/__pycache__/__init__.cpython-310.pyc
/home/sanket/robot_mapping_ws/install/autonomous_explorer/lib/python3.10/site-packages/autonomous_explorer/__pycache__/goal_publisher.cpython-310.pyc
/home/sanket/robot_mapping_ws/install/autonomous_explorer/lib/python3.10/site-packages/autonomous_explorer/__pycache__/map_analyzer.cpython-310.pyc
/home/sanket/robot_mapping_ws/install/autonomous_explorer/lib/python3.10/site-packages/autonomous_explorer/__pycache__/simple_goal_follower.cpython-310.pyc
/home/sanket/robot_mapping_ws/install/autonomous_explorer/share/ament_index/resource_index/packages/autonomous_explorer
/home/sanket/robot_mapping_ws/install/autonomous_explorer/share/autonomous_explorer/package.xml
/home/sanket/robot_mapping_ws/install/autonomous_explorer/share/autonomous_explorer/launch/web_control.launch.py
/home/sanket/robot_mapping_ws/install/autonomous_explorer/share/autonomous_explorer/launch/autonomous_exploration.launch.py
/home/sanket/robot_mapping_ws/install/autonomous_explorer/share/autonomous_explorer/launch/gazebo_sim.launch.py
/home/sanket/robot_mapping_ws/install/autonomous_explorer/share/autonomous_explorer/launch/slam_mapping.launch.py
/home/sanket/robot_mapping_ws/install/autonomous_explorer/share/autonomous_explorer/launch/navigation.launch.py
/home/sanket/robot_mapping_ws/install/autonomous_explorer/share/autonomous_explorer/urdf/explorer_bot.urdf.xacro
/home/sanket/robot_mapping_ws/install/autonomous_explorer/share/autonomous_explorer/worlds/office_world.world
/home/sanket/robot_mapping_ws/install/autonomous_explorer/share/autonomous_explorer/config/slam_toolbox.yaml
/home/sanket/robot_mapping_ws/install/autonomous_explorer/share/autonomous_explorer/config/navigation/nav2_params.yaml
/home/sanket/robot_mapping_ws/install/autonomous_explorer/share/autonomous_explorer/config/navigation/planner.yaml
/home/sanket/robot_mapping_ws/install/autonomous_explorer/share/autonomous_explorer/config/navigation/local_costmap.yaml
/home/sanket/robot_mapping_ws/install/autonomous_explorer/share/autonomous_explorer/config/navigation/controller.yaml
/home/sanket/robot_mapping_ws/install/autonomous_explorer/share/autonomous_explorer/config/navigation/global_costmap.yaml
/home/sanket/robot_mapping_ws/install/autonomous_explorer/share/autonomous_explorer/behavior_trees/navigate_to_pose.xml
/home/sanket/robot_mapping_ws/install/autonomous_explorer/share/autonomous_explorer/rviz/mapping.rviz
/home/sanket/robot_mapping_ws/install/autonomous_explorer/share/autonomous_explorer/rviz/navigation.rviz
/home/sanket/robot_mapping_ws/install/autonomous_explorer/share/autonomous_explorer/maps/office_map.pgm
/home/sanket/robot_mapping_ws/install/autonomous_explorer/share/autonomous_explorer/maps/bedroom.pgm
/home/sanket/robot_mapping_ws/install/autonomous_explorer/share/autonomous_explorer/maps/bedroom.yaml
/home/sanket/robot_mapping_ws/install/autonomous_explorer/share/autonomous_explorer/maps/Kichen.yaml
/home/sanket/robot_mapping_ws/install/autonomous_explorer/share/autonomous_explorer/maps/Kichen.pgm
/home/sanket/robot_mapping_ws/install/autonomous_explorer/share/autonomous_explorer/maps/office_map.yaml
/home/sanket/robot_mapping_ws/install/autonomous_explorer/share/autonomous_explorer/maps/my_office_map.pgm
/home/sanket/robot_mapping_ws/install/autonomous_explorer/share/autonomous_explorer/maps/my_office_map.yaml
/home/sanket/robot_mapping_ws/install/autonomous_explorer/share/autonomous_explorer/www/index.html
/home/sanket/robot_mapping_ws/install/autonomous_explorer/share/autonomous_explorer/scripts/web_control_node.py
/home/sanket/robot_mapping_ws/install/autonomous_explorer/lib/python3.10/site-packages/autonomous_explorer-0.0.1-py3.10.egg-info/PKG-INFO
/home/sanket/robot_mapping_ws/install/autonomous_explorer/lib/python3.10/site-packages/autonomous_explorer-0.0.1-py3.10.egg-info/top_level.txt
/home/sanket/robot_mapping_ws/install/autonomous_explorer/lib/python3.10/site-packages/autonomous_explorer-0.0.1-py3.10.egg-info/SOURCES.txt
/home/sanket/robot_mapping_ws/install/autonomous_explorer/lib/python3.10/site-packages/autonomous_explorer-0.0.1-py3.10.egg-info/dependency_links.txt
/home/sanket/robot_mapping_ws/install/autonomous_explorer/lib/python3.10/site-packages/autonomous_explorer-0.0.1-py3.10.egg-info/zip-safe
/home/sanket/robot_mapping_ws/install/autonomous_explorer/lib/python3.10/site-packages/autonomous_explorer-0.0.1-py3.10.egg-info/entry_points.txt
/home/sanket/robot_mapping_ws/install/autonomous_explorer/lib/python3.10/site-packages/autonomous_explorer-0.0.1-py3.10.egg-info/requires.txt
/home/sanket/robot_mapping_ws/install/autonomous_explorer/lib/autonomous_explorer/autonomous_explorer_node
/home/sanket/robot_mapping_ws/install/autonomous_explorer/lib/autonomous_explorer/coverage_explorer
/home/sanket/robot_mapping_ws/install/autonomous_explorer/lib/autonomous_explorer/coverage_planner
/home/sanket/robot_mapping_ws/install/autonomous_explorer/lib/autonomous_explorer/frontier_explorer
/home/sanket/robot_mapping_ws/install/autonomous_explorer/lib/autonomous_explorer/goal_publisher
/home/sanket/robot_mapping_ws/install/autonomous_explorer/lib/autonomous_explorer/map_analyzer
/home/sanket/robot_mapping_ws/install/autonomous_explorer/lib/autonomous_explorer/simple_goal_follower
/home/sanket/robot_mapping_ws/install/autonomous_explorer/lib/autonomous_explorer/simple_map_analyzer
/home/sanket/robot_mapping_ws/install/autonomous_explorer/lib/autonomous_explorer/simple_web
/home/sanket/robot_mapping_ws/install/autonomous_explorer/lib/autonomous_explorer/teleop_control
/home/sanket/robot_mapping_ws/install/autonomous_explorer/lib/autonomous_explorer/web_control_node
