[0.657s] Invoking command in '/home/sanket/robot_mapping_ws/build/autonomous_explorer': PYTHONPATH=/home/sanket/robot_mapping_ws/build/autonomous_explorer/prefix_override:/usr/lib/python3/dist-packages/colcon_core/task/python/colcon_distutils_commands:/home/sanket/robot_mapping_ws/install/autonomous_explorer/lib/python3.10/site-packages:${PYTHONPATH} /usr/bin/python3 -W ignore:setup.py install is deprecated -W ignore:easy_install command is deprecated setup.py develop --editable --build-directory /home/sanket/robot_mapping_ws/build/autonomous_explorer/build --no-deps symlink_data
[0.876s] running develop
[1.026s] running egg_info
[1.026s] writing autonomous_explorer.egg-info/PKG-INFO
[1.031s] writing dependency_links to autonomous_explorer.egg-info/dependency_links.txt
[1.031s] writing entry points to autonomous_explorer.egg-info/entry_points.txt
[1.031s] writing requirements to autonomous_explorer.egg-info/requires.txt
[1.032s] writing top-level names to autonomous_explorer.egg-info/top_level.txt
[1.037s] reading manifest file 'autonomous_explorer.egg-info/SOURCES.txt'
[1.039s] writing manifest file 'autonomous_explorer.egg-info/SOURCES.txt'
[1.040s] running build_ext
[1.040s] Creating /home/sanket/robot_mapping_ws/install/autonomous_explorer/lib/python3.10/site-packages/autonomous-explorer.egg-link (link to .)
[1.041s] Installing autonomous_explorer_node script to /home/sanket/robot_mapping_ws/install/autonomous_explorer/lib/autonomous_explorer
[1.041s] Installing teleop_control script to /home/sanket/robot_mapping_ws/install/autonomous_explorer/lib/autonomous_explorer
[1.041s] 
[1.041s] Installed /home/sanket/robot_mapping_ws/build/autonomous_explorer
[1.041s] running symlink_data
[1.042s] symbolically linking /home/sanket/robot_mapping_ws/build/autonomous_explorer/launch/autonomous_exploration.launch.py -> /home/sanket/robot_mapping_ws/install/autonomous_explorer/share/autonomous_explorer/launch
[1.042s] symbolically linking /home/sanket/robot_mapping_ws/build/autonomous_explorer/maps/office_map.pgm -> /home/sanket/robot_mapping_ws/install/autonomous_explorer/share/autonomous_explorer/maps
[1.042s] symbolically linking /home/sanket/robot_mapping_ws/build/autonomous_explorer/maps/office_map.yaml -> /home/sanket/robot_mapping_ws/install/autonomous_explorer/share/autonomous_explorer/maps
[1.065s] Invoked command in '/home/sanket/robot_mapping_ws/build/autonomous_explorer' returned '0': PYTHONPATH=/home/sanket/robot_mapping_ws/build/autonomous_explorer/prefix_override:/usr/lib/python3/dist-packages/colcon_core/task/python/colcon_distutils_commands:/home/sanket/robot_mapping_ws/install/autonomous_explorer/lib/python3.10/site-packages:${PYTHONPATH} /usr/bin/python3 -W ignore:setup.py install is deprecated -W ignore:easy_install command is deprecated setup.py develop --editable --build-directory /home/sanket/robot_mapping_ws/build/autonomous_explorer/build --no-deps symlink_data
