[0.735s] Invoking command in '/home/sanket/robot_mapping_ws/src/autonomous_explorer': PYTHONPATH=/home/sanket/robot_mapping_ws/build/autonomous_explorer/prefix_override:/usr/lib/python3/dist-packages/colcon_core/task/python/colcon_distutils_commands:/home/sanket/robot_mapping_ws/install/autonomous_explorer/lib/python3.10/site-packages:${PYTHONPATH} /usr/bin/python3 -W ignore:setup.py install is deprecated -W ignore:easy_install command is deprecated setup.py egg_info --egg-base ../../build/autonomous_explorer build --build-base /home/sanket/robot_mapping_ws/build/autonomous_explorer/build install --record /home/sanket/robot_mapping_ws/build/autonomous_explorer/install.log --single-version-externally-managed install_data
[0.968s] running egg_info
[0.969s] writing ../../build/autonomous_explorer/autonomous_explorer.egg-info/PKG-INFO
[0.969s] writing dependency_links to ../../build/autonomous_explorer/autonomous_explorer.egg-info/dependency_links.txt
[0.969s] writing entry points to ../../build/autonomous_explorer/autonomous_explorer.egg-info/entry_points.txt
[0.969s] writing requirements to ../../build/autonomous_explorer/autonomous_explorer.egg-info/requires.txt
[0.969s] writing top-level names to ../../build/autonomous_explorer/autonomous_explorer.egg-info/top_level.txt
[0.976s] reading manifest file '../../build/autonomous_explorer/autonomous_explorer.egg-info/SOURCES.txt'
[0.976s] writing manifest file '../../build/autonomous_explorer/autonomous_explorer.egg-info/SOURCES.txt'
[0.976s] running build
[0.976s] running build_py
[0.977s] copying autonomous_explorer/web_control_node.py -> /home/sanket/robot_mapping_ws/build/autonomous_explorer/build/lib/autonomous_explorer
[0.977s] running install
[0.977s] running install_lib
[0.978s] copying /home/sanket/robot_mapping_ws/build/autonomous_explorer/build/lib/autonomous_explorer/web_control_node.py -> /home/sanket/robot_mapping_ws/install/autonomous_explorer/lib/python3.10/site-packages/autonomous_explorer
[0.978s] byte-compiling /home/sanket/robot_mapping_ws/install/autonomous_explorer/lib/python3.10/site-packages/autonomous_explorer/web_control_node.py to web_control_node.cpython-310.pyc
[0.981s] running install_data
[0.981s] running install_egg_info
[0.984s] removing '/home/sanket/robot_mapping_ws/install/autonomous_explorer/lib/python3.10/site-packages/autonomous_explorer-0.0.1-py3.10.egg-info' (and everything under it)
[0.984s] Copying ../../build/autonomous_explorer/autonomous_explorer.egg-info to /home/sanket/robot_mapping_ws/install/autonomous_explorer/lib/python3.10/site-packages/autonomous_explorer-0.0.1-py3.10.egg-info
[0.985s] running install_scripts
[1.002s] Installing autonomous_explorer_node script to /home/sanket/robot_mapping_ws/install/autonomous_explorer/lib/autonomous_explorer
[1.002s] Installing coverage_explorer script to /home/sanket/robot_mapping_ws/install/autonomous_explorer/lib/autonomous_explorer
[1.002s] Installing goal_publisher script to /home/sanket/robot_mapping_ws/install/autonomous_explorer/lib/autonomous_explorer
[1.003s] Installing simple_goal_follower script to /home/sanket/robot_mapping_ws/install/autonomous_explorer/lib/autonomous_explorer
[1.003s] Installing teleop_control script to /home/sanket/robot_mapping_ws/install/autonomous_explorer/lib/autonomous_explorer
[1.003s] Installing web_control_node script to /home/sanket/robot_mapping_ws/install/autonomous_explorer/lib/autonomous_explorer
[1.003s] writing list of installed files to '/home/sanket/robot_mapping_ws/build/autonomous_explorer/install.log'
[1.042s] Invoked command in '/home/sanket/robot_mapping_ws/src/autonomous_explorer' returned '0': PYTHONPATH=/home/sanket/robot_mapping_ws/build/autonomous_explorer/prefix_override:/usr/lib/python3/dist-packages/colcon_core/task/python/colcon_distutils_commands:/home/sanket/robot_mapping_ws/install/autonomous_explorer/lib/python3.10/site-packages:${PYTHONPATH} /usr/bin/python3 -W ignore:setup.py install is deprecated -W ignore:easy_install command is deprecated setup.py egg_info --egg-base ../../build/autonomous_explorer build --build-base /home/sanket/robot_mapping_ws/build/autonomous_explorer/build install --record /home/sanket/robot_mapping_ws/build/autonomous_explorer/install.log --single-version-externally-managed install_data
