[0.578s] Invoking command in '/home/sanket/robot_mapping_ws/src/autonomous_explorer': PYTHONPATH=/home/sanket/robot_mapping_ws/build/autonomous_explorer/prefix_override:/usr/lib/python3/dist-packages/colcon_core/task/python/colcon_distutils_commands:/home/sanket/robot_mapping_ws/install/autonomous_explorer/lib/python3.10/site-packages:${PYTHONPATH} /usr/bin/python3 -W ignore:setup.py install is deprecated -W ignore:easy_install command is deprecated setup.py egg_info --egg-base ../../build/autonomous_explorer build --build-base /home/sanket/robot_mapping_ws/build/autonomous_explorer/build install --record /home/sanket/robot_mapping_ws/build/autonomous_explorer/install.log --single-version-externally-managed install_data
[0.780s] running egg_info
[0.780s] writing ../../build/autonomous_explorer/autonomous_explorer.egg-info/PKG-INFO
[0.780s] writing dependency_links to ../../build/autonomous_explorer/autonomous_explorer.egg-info/dependency_links.txt
[0.780s] writing entry points to ../../build/autonomous_explorer/autonomous_explorer.egg-info/entry_points.txt
[0.781s] writing requirements to ../../build/autonomous_explorer/autonomous_explorer.egg-info/requires.txt
[0.781s] writing top-level names to ../../build/autonomous_explorer/autonomous_explorer.egg-info/top_level.txt
[0.783s] reading manifest file '../../build/autonomous_explorer/autonomous_explorer.egg-info/SOURCES.txt'
[0.784s] writing manifest file '../../build/autonomous_explorer/autonomous_explorer.egg-info/SOURCES.txt'
[0.784s] running build
[0.784s] running build_py
[0.784s] running install
[0.785s] running install_lib
[0.787s] running install_data
[0.787s] copying config/navigation/nav2_params.yaml -> /home/sanket/robot_mapping_ws/install/autonomous_explorer/share/autonomous_explorer/config/navigation
[0.787s] running install_egg_info
[0.789s] removing '/home/sanket/robot_mapping_ws/install/autonomous_explorer/lib/python3.10/site-packages/autonomous_explorer-0.0.1-py3.10.egg-info' (and everything under it)
[0.789s] Copying ../../build/autonomous_explorer/autonomous_explorer.egg-info to /home/sanket/robot_mapping_ws/install/autonomous_explorer/lib/python3.10/site-packages/autonomous_explorer-0.0.1-py3.10.egg-info
[0.790s] running install_scripts
[0.806s] Installing autonomous_explorer_node script to /home/sanket/robot_mapping_ws/install/autonomous_explorer/lib/autonomous_explorer
[0.806s] Installing coverage_explorer script to /home/sanket/robot_mapping_ws/install/autonomous_explorer/lib/autonomous_explorer
[0.806s] Installing goal_publisher script to /home/sanket/robot_mapping_ws/install/autonomous_explorer/lib/autonomous_explorer
[0.806s] Installing simple_goal_follower script to /home/sanket/robot_mapping_ws/install/autonomous_explorer/lib/autonomous_explorer
[0.806s] Installing simple_web script to /home/sanket/robot_mapping_ws/install/autonomous_explorer/lib/autonomous_explorer
[0.806s] Installing teleop_control script to /home/sanket/robot_mapping_ws/install/autonomous_explorer/lib/autonomous_explorer
[0.806s] Installing web_control_node script to /home/sanket/robot_mapping_ws/install/autonomous_explorer/lib/autonomous_explorer
[0.806s] writing list of installed files to '/home/sanket/robot_mapping_ws/build/autonomous_explorer/install.log'
[0.830s] Invoked command in '/home/sanket/robot_mapping_ws/src/autonomous_explorer' returned '0': PYTHONPATH=/home/sanket/robot_mapping_ws/build/autonomous_explorer/prefix_override:/usr/lib/python3/dist-packages/colcon_core/task/python/colcon_distutils_commands:/home/sanket/robot_mapping_ws/install/autonomous_explorer/lib/python3.10/site-packages:${PYTHONPATH} /usr/bin/python3 -W ignore:setup.py install is deprecated -W ignore:easy_install command is deprecated setup.py egg_info --egg-base ../../build/autonomous_explorer build --build-base /home/sanket/robot_mapping_ws/build/autonomous_explorer/build install --record /home/sanket/robot_mapping_ws/build/autonomous_explorer/install.log --single-version-externally-managed install_data
