[0.724s] Invoking command in '/home/sanket/robot_mapping_ws/src/autonomous_explorer': PYTHONPATH=/home/sanket/robot_mapping_ws/build/autonomous_explorer/prefix_override:/usr/lib/python3/dist-packages/colcon_core/task/python/colcon_distutils_commands:/home/sanket/robot_mapping_ws/install/autonomous_explorer/lib/python3.10/site-packages:${PYTHONPATH} /usr/bin/python3 -W ignore:setup.py install is deprecated -W ignore:easy_install command is deprecated setup.py egg_info --egg-base ../../build/autonomous_explorer build --build-base /home/sanket/robot_mapping_ws/build/autonomous_explorer/build install --record /home/sanket/robot_mapping_ws/build/autonomous_explorer/install.log --single-version-externally-managed install_data
[0.942s] running egg_info
[0.942s] writing ../../build/autonomous_explorer/autonomous_explorer.egg-info/PKG-INFO
[0.942s] writing dependency_links to ../../build/autonomous_explorer/autonomous_explorer.egg-info/dependency_links.txt
[0.943s] writing entry points to ../../build/autonomous_explorer/autonomous_explorer.egg-info/entry_points.txt
[0.943s] writing requirements to ../../build/autonomous_explorer/autonomous_explorer.egg-info/requires.txt
[0.943s] writing top-level names to ../../build/autonomous_explorer/autonomous_explorer.egg-info/top_level.txt
[0.951s] reading manifest file '../../build/autonomous_explorer/autonomous_explorer.egg-info/SOURCES.txt'
[0.952s] writing manifest file '../../build/autonomous_explorer/autonomous_explorer.egg-info/SOURCES.txt'
[0.952s] running build
[0.952s] running build_py
[0.953s] copying autonomous_explorer/simple_map_analyzer.py -> /home/sanket/robot_mapping_ws/build/autonomous_explorer/build/lib/autonomous_explorer
[0.953s] copying autonomous_explorer/map_analyzer.py -> /home/sanket/robot_mapping_ws/build/autonomous_explorer/build/lib/autonomous_explorer
[0.953s] running install
[0.953s] running install_lib
[0.954s] copying /home/sanket/robot_mapping_ws/build/autonomous_explorer/build/lib/autonomous_explorer/simple_map_analyzer.py -> /home/sanket/robot_mapping_ws/install/autonomous_explorer/lib/python3.10/site-packages/autonomous_explorer
[0.954s] copying /home/sanket/robot_mapping_ws/build/autonomous_explorer/build/lib/autonomous_explorer/map_analyzer.py -> /home/sanket/robot_mapping_ws/install/autonomous_explorer/lib/python3.10/site-packages/autonomous_explorer
[0.954s] byte-compiling /home/sanket/robot_mapping_ws/install/autonomous_explorer/lib/python3.10/site-packages/autonomous_explorer/simple_map_analyzer.py to simple_map_analyzer.cpython-310.pyc
[0.954s] byte-compiling /home/sanket/robot_mapping_ws/install/autonomous_explorer/lib/python3.10/site-packages/autonomous_explorer/map_analyzer.py to map_analyzer.cpython-310.pyc
[0.955s] running install_data
[0.956s] creating /home/sanket/robot_mapping_ws/install/autonomous_explorer/share/autonomous_explorer/scripts
[0.956s] copying scripts/web_control_node.py -> /home/sanket/robot_mapping_ws/install/autonomous_explorer/share/autonomous_explorer/scripts
[0.956s] running install_egg_info
[0.958s] removing '/home/sanket/robot_mapping_ws/install/autonomous_explorer/lib/python3.10/site-packages/autonomous_explorer-0.0.1-py3.10.egg-info' (and everything under it)
[0.958s] Copying ../../build/autonomous_explorer/autonomous_explorer.egg-info to /home/sanket/robot_mapping_ws/install/autonomous_explorer/lib/python3.10/site-packages/autonomous_explorer-0.0.1-py3.10.egg-info
[0.959s] running install_scripts
[0.975s] Installing autonomous_explorer_node script to /home/sanket/robot_mapping_ws/install/autonomous_explorer/lib/autonomous_explorer
[0.976s] Installing coverage_explorer script to /home/sanket/robot_mapping_ws/install/autonomous_explorer/lib/autonomous_explorer
[0.976s] Installing goal_publisher script to /home/sanket/robot_mapping_ws/install/autonomous_explorer/lib/autonomous_explorer
[0.976s] Installing map_analyzer script to /home/sanket/robot_mapping_ws/install/autonomous_explorer/lib/autonomous_explorer
[0.976s] Installing simple_goal_follower script to /home/sanket/robot_mapping_ws/install/autonomous_explorer/lib/autonomous_explorer
[0.976s] Installing simple_map_analyzer script to /home/sanket/robot_mapping_ws/install/autonomous_explorer/lib/autonomous_explorer
[0.976s] Installing simple_web script to /home/sanket/robot_mapping_ws/install/autonomous_explorer/lib/autonomous_explorer
[0.976s] Installing teleop_control script to /home/sanket/robot_mapping_ws/install/autonomous_explorer/lib/autonomous_explorer
[0.976s] Installing web_control_node script to /home/sanket/robot_mapping_ws/install/autonomous_explorer/lib/autonomous_explorer
[0.977s] writing list of installed files to '/home/sanket/robot_mapping_ws/build/autonomous_explorer/install.log'
[1.000s] Invoked command in '/home/sanket/robot_mapping_ws/src/autonomous_explorer' returned '0': PYTHONPATH=/home/sanket/robot_mapping_ws/build/autonomous_explorer/prefix_override:/usr/lib/python3/dist-packages/colcon_core/task/python/colcon_distutils_commands:/home/sanket/robot_mapping_ws/install/autonomous_explorer/lib/python3.10/site-packages:${PYTHONPATH} /usr/bin/python3 -W ignore:setup.py install is deprecated -W ignore:easy_install command is deprecated setup.py egg_info --egg-base ../../build/autonomous_explorer build --build-base /home/sanket/robot_mapping_ws/build/autonomous_explorer/build install --record /home/sanket/robot_mapping_ws/build/autonomous_explorer/install.log --single-version-externally-managed install_data
