[0.862s] Invoking command in '/home/sanket/robot_mapping_ws/build/autonomous_explorer': PYTHONPATH=/home/sanket/robot_mapping_ws/build/autonomous_explorer/prefix_override:/usr/lib/python3/dist-packages/colcon_core/task/python/colcon_distutils_commands:/home/sanket/robot_mapping_ws/install/autonomous_explorer/lib/python3.10/site-packages:${PYTHONPATH} /usr/bin/python3 -W ignore:setup.py install is deprecated -W ignore:easy_install command is deprecated setup.py develop --editable --build-directory /home/sanket/robot_mapping_ws/build/autonomous_explorer/build --no-deps symlink_data
[1.168s] running develop
[1.378s] running egg_info
[1.379s] creating autonomous_explorer.egg-info
[1.379s] writing autonomous_explorer.egg-info/PKG-INFO
[1.379s] writing dependency_links to autonomous_explorer.egg-info/dependency_links.txt
[1.379s] writing entry points to autonomous_explorer.egg-info/entry_points.txt
[1.379s] writing requirements to autonomous_explorer.egg-info/requires.txt
[1.379s] writing top-level names to autonomous_explorer.egg-info/top_level.txt
[1.386s] writing manifest file 'autonomous_explorer.egg-info/SOURCES.txt'
[1.389s] reading manifest file 'autonomous_explorer.egg-info/SOURCES.txt'
[1.389s] writing manifest file 'autonomous_explorer.egg-info/SOURCES.txt'
[1.391s] running build_ext
[1.391s] Creating /home/sanket/robot_mapping_ws/install/autonomous_explorer/lib/python3.10/site-packages/autonomous-explorer.egg-link (link to .)
[1.392s] Installing teleop_control script to /home/sanket/robot_mapping_ws/install/autonomous_explorer/lib/autonomous_explorer
[1.392s] 
[1.392s] Installed /home/sanket/robot_mapping_ws/build/autonomous_explorer
[1.392s] running symlink_data
[1.392s] creating /home/sanket/robot_mapping_ws/install/autonomous_explorer/share/ament_index
[1.392s] creating /home/sanket/robot_mapping_ws/install/autonomous_explorer/share/ament_index/resource_index
[1.392s] creating /home/sanket/robot_mapping_ws/install/autonomous_explorer/share/ament_index/resource_index/packages
[1.392s] symbolically linking /home/sanket/robot_mapping_ws/build/autonomous_explorer/resource/autonomous_explorer -> /home/sanket/robot_mapping_ws/install/autonomous_explorer/share/ament_index/resource_index/packages
[1.392s] symbolically linking /home/sanket/robot_mapping_ws/build/autonomous_explorer/package.xml -> /home/sanket/robot_mapping_ws/install/autonomous_explorer/share/autonomous_explorer
[1.392s] creating /home/sanket/robot_mapping_ws/install/autonomous_explorer/share/autonomous_explorer/launch
[1.392s] symbolically linking /home/sanket/robot_mapping_ws/build/autonomous_explorer/launch/gazebo_sim.launch.py -> /home/sanket/robot_mapping_ws/install/autonomous_explorer/share/autonomous_explorer/launch
[1.392s] symbolically linking /home/sanket/robot_mapping_ws/build/autonomous_explorer/launch/slam_mapping.launch.py -> /home/sanket/robot_mapping_ws/install/autonomous_explorer/share/autonomous_explorer/launch
[1.392s] creating /home/sanket/robot_mapping_ws/install/autonomous_explorer/share/autonomous_explorer/urdf
[1.392s] symbolically linking /home/sanket/robot_mapping_ws/build/autonomous_explorer/urdf/explorer_bot.urdf.xacro -> /home/sanket/robot_mapping_ws/install/autonomous_explorer/share/autonomous_explorer/urdf
[1.393s] creating /home/sanket/robot_mapping_ws/install/autonomous_explorer/share/autonomous_explorer/worlds
[1.393s] symbolically linking /home/sanket/robot_mapping_ws/build/autonomous_explorer/worlds/office_world.world -> /home/sanket/robot_mapping_ws/install/autonomous_explorer/share/autonomous_explorer/worlds
[1.393s] creating /home/sanket/robot_mapping_ws/install/autonomous_explorer/share/autonomous_explorer/config
[1.393s] symbolically linking /home/sanket/robot_mapping_ws/build/autonomous_explorer/config/slam_toolbox.yaml -> /home/sanket/robot_mapping_ws/install/autonomous_explorer/share/autonomous_explorer/config
[1.393s] creating /home/sanket/robot_mapping_ws/install/autonomous_explorer/share/autonomous_explorer/rviz
[1.393s] symbolically linking /home/sanket/robot_mapping_ws/build/autonomous_explorer/rviz/mapping.rviz -> /home/sanket/robot_mapping_ws/install/autonomous_explorer/share/autonomous_explorer/rviz
[1.393s] creating /home/sanket/robot_mapping_ws/install/autonomous_explorer/share/autonomous_explorer/maps
[1.426s] Invoked command in '/home/sanket/robot_mapping_ws/build/autonomous_explorer' returned '0': PYTHONPATH=/home/sanket/robot_mapping_ws/build/autonomous_explorer/prefix_override:/usr/lib/python3/dist-packages/colcon_core/task/python/colcon_distutils_commands:/home/sanket/robot_mapping_ws/install/autonomous_explorer/lib/python3.10/site-packages:${PYTHONPATH} /usr/bin/python3 -W ignore:setup.py install is deprecated -W ignore:easy_install command is deprecated setup.py develop --editable --build-directory /home/sanket/robot_mapping_ws/build/autonomous_explorer/build --no-deps symlink_data
