[0.863s] Invoking command in '/home/sanket/robot_mapping_ws/build/autonomous_explorer': PYTHONPATH=/home/sanket/robot_mapping_ws/build/autonomous_explorer/prefix_override:/usr/lib/python3/dist-packages/colcon_core/task/python/colcon_distutils_commands:/home/sanket/robot_mapping_ws/install/autonomous_explorer/lib/python3.10/site-packages:${PYTHONPATH} /usr/bin/python3 -W ignore:setup.py install is deprecated -W ignore:easy_install command is deprecated setup.py develop --editable --build-directory /home/sanket/robot_mapping_ws/build/autonomous_explorer/build --no-deps symlink_data
[1.196s] running develop
[1.428s] running egg_info
[1.428s] writing autonomous_explorer.egg-info/PKG-INFO
[1.429s] writing dependency_links to autonomous_explorer.egg-info/dependency_links.txt
[1.429s] writing entry points to autonomous_explorer.egg-info/entry_points.txt
[1.429s] writing requirements to autonomous_explorer.egg-info/requires.txt
[1.429s] writing top-level names to autonomous_explorer.egg-info/top_level.txt
[1.433s] reading manifest file 'autonomous_explorer.egg-info/SOURCES.txt'
[1.433s] writing manifest file 'autonomous_explorer.egg-info/SOURCES.txt'
[1.435s] running build_ext
[1.435s] Creating /home/sanket/robot_mapping_ws/install/autonomous_explorer/lib/python3.10/site-packages/autonomous-explorer.egg-link (link to .)
[1.436s] Installing autonomous_explorer_node script to /home/sanket/robot_mapping_ws/install/autonomous_explorer/lib/autonomous_explorer
[1.437s] Installing teleop_control script to /home/sanket/robot_mapping_ws/install/autonomous_explorer/lib/autonomous_explorer
[1.437s] 
[1.437s] Installed /home/sanket/robot_mapping_ws/build/autonomous_explorer
[1.437s] running symlink_data
[1.437s] creating /home/sanket/robot_mapping_ws/install/autonomous_explorer/share/autonomous_explorer/config/navigation
[1.438s] symbolically linking /home/sanket/robot_mapping_ws/build/autonomous_explorer/config/navigation/planner.yaml -> /home/sanket/robot_mapping_ws/install/autonomous_explorer/share/autonomous_explorer/config/navigation
[1.438s] symbolically linking /home/sanket/robot_mapping_ws/build/autonomous_explorer/config/navigation/local_costmap.yaml -> /home/sanket/robot_mapping_ws/install/autonomous_explorer/share/autonomous_explorer/config/navigation
[1.438s] symbolically linking /home/sanket/robot_mapping_ws/build/autonomous_explorer/config/navigation/controller.yaml -> /home/sanket/robot_mapping_ws/install/autonomous_explorer/share/autonomous_explorer/config/navigation
[1.438s] symbolically linking /home/sanket/robot_mapping_ws/build/autonomous_explorer/config/navigation/global_costmap.yaml -> /home/sanket/robot_mapping_ws/install/autonomous_explorer/share/autonomous_explorer/config/navigation
[1.474s] Invoked command in '/home/sanket/robot_mapping_ws/build/autonomous_explorer' returned '0': PYTHONPATH=/home/sanket/robot_mapping_ws/build/autonomous_explorer/prefix_override:/usr/lib/python3/dist-packages/colcon_core/task/python/colcon_distutils_commands:/home/sanket/robot_mapping_ws/install/autonomous_explorer/lib/python3.10/site-packages:${PYTHONPATH} /usr/bin/python3 -W ignore:setup.py install is deprecated -W ignore:easy_install command is deprecated setup.py develop --editable --build-directory /home/sanket/robot_mapping_ws/build/autonomous_explorer/build --no-deps symlink_data
